{"/Users/vitoria/Documents/technicalTest/level1/index.ts": {"path":"/Users/vitoria/Documents/technicalTest/level1/index.ts","statementMap":{"0":{"start":{"line":6,"column":33},"end":{"line":19,"column":3}},"1":{"start":{"line":8,"column":19},"end":{"line":8,"column":71}},"2":{"start":{"line":8,"column":44},"end":{"line":8,"column":67}},"3":{"start":{"line":11,"column":29},"end":{"line":11,"column":117}},"4":{"start":{"line":14,"column":37},"end":{"line":14,"column":71}},"5":{"start":{"line":15,"column":39},"end":{"line":15,"column":69}},"6":{"start":{"line":18,"column":2},"end":{"line":18,"column":null}},"7":{"start":{"line":21,"column":1},"end":{"line":21,"column":16}},"8":{"start":{"line":4,"column":0},"end":{"line":4,"column":16}}},"fnMap":{"0":{"name":"final_price_level_1","decl":{"start":{"line":4,"column":16},"end":{"line":4,"column":35}},"loc":{"start":{"line":4,"column":70},"end":{"line":22,"column":1}}},"1":{"name":"(anonymous_1)","decl":{"start":{"line":6,"column":49},"end":{"line":6,"column":50}},"loc":{"start":{"line":6,"column":68},"end":{"line":19,"column":2}}},"2":{"name":"(anonymous_2)","decl":{"start":{"line":8,"column":31},"end":{"line":8,"column":32}},"loc":{"start":{"line":8,"column":44},"end":{"line":8,"column":67}}}},"branchMap":{},"s":{"0":1,"1":3,"2":9,"3":3,"4":3,"5":3,"6":3,"7":1,"8":1},"f":{"0":1,"1":3,"2":9},"b":{}}
,"/Users/vitoria/Documents/technicalTest/level2/index.ts": {"path":"/Users/vitoria/Documents/technicalTest/level2/index.ts","statementMap":{"0":{"start":{"line":6,"column":33},"end":{"line":33,"column":3}},"1":{"start":{"line":8,"column":19},"end":{"line":8,"column":71}},"2":{"start":{"line":8,"column":44},"end":{"line":8,"column":67}},"3":{"start":{"line":11,"column":29},"end":{"line":11,"column":117}},"4":{"start":{"line":14,"column":37},"end":{"line":14,"column":71}},"5":{"start":{"line":17,"column":37},"end":{"line":17,"column":54}},"6":{"start":{"line":20,"column":25},"end":{"line":20,"column":26}},"7":{"start":{"line":23,"column":2},"end":{"line":28,"column":3}},"8":{"start":{"line":23,"column":14},"end":{"line":23,"column":15}},"9":{"start":{"line":24,"column":3},"end":{"line":24,"column":28}},"10":{"start":{"line":24,"column":13},"end":{"line":24,"column":28}},"11":{"start":{"line":25,"column":3},"end":{"line":25,"column":28}},"12":{"start":{"line":25,"column":13},"end":{"line":25,"column":28}},"13":{"start":{"line":26,"column":3},"end":{"line":26,"column":29}},"14":{"start":{"line":26,"column":14},"end":{"line":26,"column":29}},"15":{"start":{"line":27,"column":3},"end":{"line":27,"column":78}},"16":{"start":{"line":32,"column":2},"end":{"line":32,"column":null}},"17":{"start":{"line":35,"column":1},"end":{"line":35,"column":16}},"18":{"start":{"line":4,"column":0},"end":{"line":4,"column":16}}},"fnMap":{"0":{"name":"final_price_level_2","decl":{"start":{"line":4,"column":16},"end":{"line":4,"column":35}},"loc":{"start":{"line":4,"column":70},"end":{"line":36,"column":1}}},"1":{"name":"(anonymous_1)","decl":{"start":{"line":6,"column":49},"end":{"line":6,"column":50}},"loc":{"start":{"line":6,"column":68},"end":{"line":33,"column":2}}},"2":{"name":"(anonymous_2)","decl":{"start":{"line":8,"column":31},"end":{"line":8,"column":32}},"loc":{"start":{"line":8,"column":44},"end":{"line":8,"column":67}}}},"branchMap":{"0":{"loc":{"start":{"line":24,"column":3},"end":{"line":24,"column":28}},"type":"if","locations":[{"start":{"line":24,"column":3},"end":{"line":24,"column":28}}]},"1":{"loc":{"start":{"line":25,"column":3},"end":{"line":25,"column":28}},"type":"if","locations":[{"start":{"line":25,"column":3},"end":{"line":25,"column":28}}]},"2":{"loc":{"start":{"line":26,"column":3},"end":{"line":26,"column":29}},"type":"if","locations":[{"start":{"line":26,"column":3},"end":{"line":26,"column":29}}]}},"s":{"0":1,"1":3,"2":3,"3":3,"4":3,"5":3,"6":3,"7":3,"8":3,"9":15,"10":12,"11":15,"12":8,"13":15,"14":2,"15":15,"16":3,"17":1,"18":1},"f":{"0":1,"1":3,"2":3},"b":{"0":[12],"1":[8],"2":[2]}}
}
