{"/Users/vitoria/Documents/technicalTest/level1/index.ts": {"path":"/Users/vitoria/Documents/technicalTest/level1/index.ts","statementMap":{"0":{"start":{"line":5,"column":33},"end":{"line":18,"column":3}},"1":{"start":{"line":7,"column":19},"end":{"line":7,"column":66}},"2":{"start":{"line":7,"column":39},"end":{"line":7,"column":62}},"3":{"start":{"line":10,"column":29},"end":{"line":10,"column":117}},"4":{"start":{"line":13,"column":37},"end":{"line":13,"column":71}},"5":{"start":{"line":14,"column":39},"end":{"line":14,"column":69}},"6":{"start":{"line":17,"column":2},"end":{"line":17,"column":null}},"7":{"start":{"line":20,"column":1},"end":{"line":20,"column":16}},"8":{"start":{"line":3,"column":0},"end":{"line":3,"column":16}}},"fnMap":{"0":{"name":"final_price_level_1","decl":{"start":{"line":3,"column":16},"end":{"line":3,"column":35}},"loc":{"start":{"line":3,"column":70},"end":{"line":21,"column":1}}},"1":{"name":"(anonymous_1)","decl":{"start":{"line":5,"column":49},"end":{"line":5,"column":50}},"loc":{"start":{"line":5,"column":60},"end":{"line":18,"column":2}}},"2":{"name":"(anonymous_2)","decl":{"start":{"line":7,"column":31},"end":{"line":7,"column":32}},"loc":{"start":{"line":7,"column":39},"end":{"line":7,"column":62}}}},"branchMap":{},"s":{"0":1,"1":3,"2":9,"3":3,"4":3,"5":3,"6":3,"7":1,"8":1},"f":{"0":1,"1":3,"2":9},"b":{}}
}
