TN:
SF:level1/index.ts
FN:4,final_price_level_1
FN:6,(anonymous_1)
FN:8,(anonymous_2)
FNF:3
FNH:3
FNDA:1,final_price_level_1
FNDA:3,(anonymous_1)
FNDA:9,(anonymous_2)
DA:4,1
DA:6,1
DA:8,9
DA:11,3
DA:14,3
DA:15,3
DA:18,3
DA:21,1
LF:8
LH:8
BRF:0
BRH:0
end_of_record
TN:
SF:level2/index.ts
FN:4,final_price_level_2
FN:6,(anonymous_1)
FN:8,(anonymous_2)
FNF:3
FNH:3
FNDA:1,final_price_level_2
FNDA:3,(anonymous_1)
FNDA:3,(anonymous_2)
DA:4,1
DA:6,1
DA:8,3
DA:11,3
DA:14,3
DA:17,3
DA:20,3
DA:23,3
DA:24,15
DA:25,15
DA:26,15
DA:27,15
DA:32,3
DA:35,1
LF:14
LH:14
BRDA:24,0,0,12
BRDA:25,1,0,8
BRDA:26,2,0,2
BRF:3
BRH:3
end_of_record
